<?xml version="1.0" encoding="UTF-8"?>
<testsuite xmlns:xsi="http://www.w3.org/2001/XMLSchema-instance" xsi:noNamespaceSchemaLocation="https://maven.apache.org/surefire/maven-surefire-plugin/xsd/surefire-test-report.xsd" version="3.0.2" name="com.assess.AssessmentEvaluatorApplicationTests" time="7.104" tests="1" errors="0" skipped="0" failures="0">
  <properties>
[...]
</properties>
  <testcase name="contextLoads" classname="com.assess.AssessmentEvaluatorApplicationTests" time="1.918">
    <system-out><![CDATA[06:45:56.459 [main] INFO org.springframework.test.context.support.AnnotationConfigContextLoaderUtils -- Could not detect default configuration classes for test class [com.assess.AssessmentEvaluatorApplicationTests]: AssessmentEvaluatorApplicationTests does not declare any static, non-private, non-final, nested classes annotated with @Configuration.
06:45:56.713 [main] INFO org.springframework.boot.test.context.SpringBootTestContextBootstrapper -- Found @SpringBootConfiguration com.assess.AssessmentEvaluatorApplication for test class com.assess.AssessmentEvaluatorApplicationTests
06:45:57.093 [main] INFO org.springframework.boot.devtools.restart.RestartApplicationListener -- Restart disabled due to context in which it is running

  .   ____          _            __ _ _
 /\\ / ___'_ __ _ _(_)_ __  __ _ \ \ \ \
( ( )\___ | '_ | '_| | '_ \/ _` | \ \ \ \
 \\/  ___)| |_)| | | | | || (_| |  ) ) ) )
  '  |____| .__|_| |_|_| |_\__, | / / / /
 =========|_|==============|___/=/_/_/_/

 :: Spring Boot ::                (v3.4.2)

2025-02-24T06:45:57.795+05:30  INFO 20340 --- [assessment-evaluator] [           main] c.a.AssessmentEvaluatorApplicationTests  : Starting AssessmentEvaluatorApplicationTests using Java 17.0.9 with PID 20340 (started by LPS in E:\workspaces\SpringBoot\assessment-evaluator)
2025-02-24T06:45:57.799+05:30  INFO 20340 --- [assessment-evaluator] [           main] c.a.AssessmentEvaluatorApplicationTests  : No active profile set, falling back to 1 default profile: "default"
2025-02-24T06:46:01.183+05:30  INFO 20340 --- [assessment-evaluator] [           main] c.a.AssessmentEvaluatorApplicationTests  : Started AssessmentEvaluatorApplicationTests in 4.12 seconds (process running for 6.68)
]]></system-out>
  </testcase>
</testsuite>